0 info it worked if it ends with ok
1 verbose cli [ '/usr/local/Cellar/node/5.2.0/bin/node',
1 verbose cli   '/usr/local/bin/npm',
1 verbose cli   'run',
1 verbose cli   'lint' ]
2 info using npm@3.3.12
3 info using node@v5.2.0
4 verbose run-script [ 'prelint', 'lint', 'postlint' ]
5 info lifecycle artProject@0.0.0~prelint: artProject@0.0.0
6 silly lifecycle artProject@0.0.0~prelint: no script for prelint, continuing
7 info lifecycle artProject@0.0.0~lint: artProject@0.0.0
8 verbose lifecycle artProject@0.0.0~lint: unsafe-perm in lifecycle true
9 verbose lifecycle artProject@0.0.0~lint: PATH: /usr/local/lib/node_modules/npm/bin/node-gyp-bin:/Users/jorozco/projects/artProject/work/node_modules/.bin:/usr/local/bin:/usr/bin:/bin:/usr/sbin:/sbin
10 verbose lifecycle artProject@0.0.0~lint: CWD: /Users/jorozco/projects/artProject/work
11 silly lifecycle artProject@0.0.0~lint: Args: [ '-c', 'xo' ]
12 silly lifecycle artProject@0.0.0~lint: Returned: code: 1  signal: null
13 info lifecycle artProject@0.0.0~lint: Failed to exec lint script
14 verbose stack Error: artProject@0.0.0 lint: `xo`
14 verbose stack Exit status 1
14 verbose stack     at EventEmitter.<anonymous> (/usr/local/lib/node_modules/npm/lib/utils/lifecycle.js:232:16)
14 verbose stack     at emitTwo (events.js:88:13)
14 verbose stack     at EventEmitter.emit (events.js:173:7)
14 verbose stack     at ChildProcess.<anonymous> (/usr/local/lib/node_modules/npm/lib/utils/spawn.js:24:14)
14 verbose stack     at emitTwo (events.js:88:13)
14 verbose stack     at ChildProcess.emit (events.js:173:7)
14 verbose stack     at maybeClose (internal/child_process.js:819:16)
14 verbose stack     at Process.ChildProcess._handle.onexit (internal/child_process.js:212:5)
15 verbose pkgid artProject@0.0.0
16 verbose cwd /Users/jorozco/projects/artProject/work
17 error Darwin 15.3.0
18 error argv "/usr/local/Cellar/node/5.2.0/bin/node" "/usr/local/bin/npm" "run" "lint"
19 error node v5.2.0
20 error npm  v3.3.12
21 error code ELIFECYCLE
22 error artProject@0.0.0 lint: `xo`
22 error Exit status 1
23 error Failed at the artProject@0.0.0 lint script 'xo'.
23 error Make sure you have the latest version of node.js and npm installed.
23 error If you do, this is most likely a problem with the artProject package,
23 error not with npm itself.
23 error Tell the author that this fails on your system:
23 error     xo
23 error You can get their info via:
23 error     npm owner ls artProject
23 error There is likely additional logging output above.
24 verbose exit [ 1, true ]
